Using pre-set license
Built from '2020.2/release' branch; Version is '2020.2.1f1 (270dd8c3da1c) revision 2559448'; Using compiler version '192528614'; Build Type 'Release'
OS: 'Windows 10  (10.0.0) 64bit' Language: 'en' Physical Memory: 32694 MB
BatchMode: 1, IsHumanControllingUs: 0, StartBugReporterOnCrash: 0, Is64bit: 1, IsPro: 0

 COMMAND LINE ARGUMENTS:
C:\Program Files\Unity\Hub\Editor\2020.2.1f1\Editor\Unity.exe
-adb2
-batchMode
-noUpm
-name
AssetImportWorker0
-projectPath
C:/Users/Jacob/MyDocuments/Unity/Tetris 3D
-logFile
Logs/AssetImportWorker0.log
-srvPort
50529
Successfully changed project path to: C:/Users/Jacob/MyDocuments/Unity/Tetris 3D
C:/Users/Jacob/MyDocuments/Unity/Tetris 3D
Using Asset Import Pipeline V2.
Refreshing native plugins compatible for Editor in 24.22 ms, found 2 plugins.
Preloading 0 native plugins for Editor in 0.00 ms.
Initialize engine version: 2020.2.1f1 (270dd8c3da1c)
[Subsystems] Discovering subsystems at path C:/Program Files/Unity/Hub/Editor/2020.2.1f1/Editor/Data/Resources/UnitySubsystems
[Subsystems] Discovering subsystems at path C:/Users/Jacob/MyDocuments/Unity/Tetris 3D/Assets
GfxDevice: creating device client; threaded=0
Direct3D:
    Version:  Direct3D 11.0 [level 11.1]
    Renderer: AMD Radeon RX 5700 XT (ID=0x731f)
    Vendor:   
    VRAM:     8152 MB
    Driver:   27.20.12029.1000
Initialize mono
Mono path[0] = 'C:/Program Files/Unity/Hub/Editor/2020.2.1f1/Editor/Data/Managed'
Mono path[1] = 'C:/Program Files/Unity/Hub/Editor/2020.2.1f1/Editor/Data/MonoBleedingEdge/lib/mono/unityjit'
Mono config path = 'C:/Program Files/Unity/Hub/Editor/2020.2.1f1/Editor/Data/MonoBleedingEdge/etc'
Using monoOptions --debugger-agent=transport=dt_socket,embedding=1,server=y,suspend=n,address=127.0.0.1:56396
Begin MonoManager ReloadAssembly
Registering precompiled unity dll's ...
Register platform support module: C:/Program Files/Unity/Hub/Editor/2020.2.1f1/Editor/Data/PlaybackEngines/WebGLSupport/UnityEditor.WebGL.Extensions.dll
Register platform support module: C:/Program Files/Unity/Hub/Editor/2020.2.1f1/Editor/Data/PlaybackEngines/WindowsStandaloneSupport/UnityEditor.WindowsStandalone.Extensions.dll
Registered in 0.001922 seconds.
Native extension for WindowsStandalone target not found
Native extension for WebGL target not found
Refreshing native plugins compatible for Editor in 19.77 ms, found 2 plugins.
Preloading 0 native plugins for Editor in 0.00 ms.
Invoked RoslynAnalysisRunner static constructor.
RoslynAnalysisRunner will not be running.
RoslynAnalysisRunner has terminated.
Mono: successfully reloaded assembly
- Completed reload, in  0.874 seconds
Platform modules already initialized, skipping
Registering precompiled user dll's ...
Registered in 0.004359 seconds.
Begin MonoManager ReloadAssembly
Native extension for WindowsStandalone target not found
Native extension for WebGL target not found
Refreshing native plugins compatible for Editor in 0.33 ms, found 2 plugins.
Preloading 0 native plugins for Editor in 0.00 ms.
Invoked RoslynAnalysisRunner static constructor.
RoslynAnalysisRunner will not be running.
RoslynAnalysisRunner has terminated.
Mono: successfully reloaded assembly
- Completed reload, in  0.665 seconds
Platform modules already initialized, skipping
========================================================================
Worker process is ready to serve import requests
Launched and connected shader compiler UnityShaderCompiler.exe after 0.02 seconds
Refreshing native plugins compatible for Editor in 0.37 ms, found 2 plugins.
Preloading 0 native plugins for Editor in 0.00 ms.
Unloading 1099 Unused Serialized files (Serialized files now loaded: 0)
System memory in use before: 56.9 MB.
System memory in use after: 57.0 MB.

Unloading 26 unused Assets to reduce memory usage. Loaded Objects now: 1567.
Total: 1.661800 ms (FindLiveObjects: 0.245500 ms CreateObjectMapping: 0.047400 ms MarkObjects: 1.324200 ms  DeleteObjects: 0.043900 ms)

========================================================================
Received Import Request.
  path: Assets/Plugins/GitHub/Editor/QuickGuide.pdf
  artifactKey: Guid(d601ecb6855bb432bae2aa49d8fd82e8) Importer(815301076,1909f56bfc062723c751e8b465ee728b)
Start importing Assets/Plugins/GitHub/Editor/QuickGuide.pdf using Guid(d601ecb6855bb432bae2aa49d8fd82e8) Importer(815301076,1909f56bfc062723c751e8b465ee728b)  -> (artifact id: '8c9bb965e4f0aeeac334f032a1945a19') in 0.032327 seconds
  Import took 0.034332 seconds .

========================================================================
Received Import Request.
  Time since last request: 218.608989 seconds.
  path: Assets/Plugins/GitHub/Editor/x64
  artifactKey: Guid(a0ded7adcc817ce489fec07977f16d13) Importer(815301076,1909f56bfc062723c751e8b465ee728b)
Start importing Assets/Plugins/GitHub/Editor/x64 using Guid(a0ded7adcc817ce489fec07977f16d13) Importer(815301076,1909f56bfc062723c751e8b465ee728b)  -> (artifact id: '69e60ac3272be7a9acf20c21cc9d2983') in 0.005433 seconds
  Import took 0.007616 seconds .

========================================================================
Received Import Request.
  Time since last request: 126.252083 seconds.
  path: Assets/Level.unity
  artifactKey: Guid(f182d661d1aa5894296cf41508521308) Importer(815301076,1909f56bfc062723c751e8b465ee728b)
Start importing Assets/Level.unity using Guid(f182d661d1aa5894296cf41508521308) Importer(815301076,1909f56bfc062723c751e8b465ee728b)  -> (artifact id: '0194697cbf94a220a5d70b82e715ba14') in 0.006761 seconds
  Import took 0.008724 seconds .

========================================================================
Received Import Request.
  Time since last request: 0.000216 seconds.
  path: Assets/Level.unity
  artifactKey: Guid(f182d661d1aa5894296cf41508521308) Importer(815301076,1909f56bfc062723c751e8b465ee728b)
Start importing Assets/Level.unity using Guid(f182d661d1aa5894296cf41508521308) Importer(815301076,1909f56bfc062723c751e8b465ee728b)  -> (artifact id: '0194697cbf94a220a5d70b82e715ba14') in 0.002207 seconds
  Import took 0.003309 seconds .

========================================================================
Received Prepare
Registering precompiled user dll's ...
Registered in 0.004409 seconds.
Begin MonoManager ReloadAssembly
Native extension for WindowsStandalone target not found
Native extension for WebGL target not found
Refreshing native plugins compatible for Editor in 0.38 ms, found 2 plugins.
Preloading 0 native plugins for Editor in 0.00 ms.
Invoked RoslynAnalysisRunner static constructor.
RoslynAnalysisRunner will not be running.
RoslynAnalysisRunner has terminated.
Mono: successfully reloaded assembly
- Completed reload, in  0.733 seconds
Platform modules already initialized, skipping
Refreshing native plugins compatible for Editor in 0.42 ms, found 2 plugins.
Preloading 0 native plugins for Editor in 0.00 ms.
Unloading 1094 Unused Serialized files (Serialized files now loaded: 0)
System memory in use before: 57.1 MB.
System memory in use after: 57.2 MB.

Unloading 21 unused Assets to reduce memory usage. Loaded Objects now: 1569.
Total: 1.643800 ms (FindLiveObjects: 0.171900 ms CreateObjectMapping: 0.025400 ms MarkObjects: 1.425100 ms  DeleteObjects: 0.020500 ms)

========================================================================
Received Import Request.
  Time since last request: 64.995564 seconds.
  path: Assets/Scripts/GridManager.cs
  artifactKey: Guid(3b21104111bddc9448ad793e2ffef7d5) Importer(815301076,1909f56bfc062723c751e8b465ee728b)
Start importing Assets/Scripts/GridManager.cs using Guid(3b21104111bddc9448ad793e2ffef7d5) Importer(815301076,1909f56bfc062723c751e8b465ee728b)  -> (artifact id: 'af8eae25bee904ac5ca273563ef998be') in 0.011178 seconds
  Import took 0.012997 seconds .

========================================================================
Received Import Request.
  Time since last request: 0.012470 seconds.
  path: Assets/Scripts/GridManager.cs
  artifactKey: Guid(3b21104111bddc9448ad793e2ffef7d5) Importer(815301076,1909f56bfc062723c751e8b465ee728b)
Start importing Assets/Scripts/GridManager.cs using Guid(3b21104111bddc9448ad793e2ffef7d5) Importer(815301076,1909f56bfc062723c751e8b465ee728b)  -> (artifact id: 'af8eae25bee904ac5ca273563ef998be') in 0.002370 seconds
  Import took 0.004309 seconds .

========================================================================
Received Prepare
Registering precompiled user dll's ...
Registered in 0.005482 seconds.
Begin MonoManager ReloadAssembly
Native extension for WindowsStandalone target not found
Native extension for WebGL target not found
Refreshing native plugins compatible for Editor in 0.51 ms, found 2 plugins.
Preloading 0 native plugins for Editor in 0.00 ms.
Invoked RoslynAnalysisRunner static constructor.
RoslynAnalysisRunner will not be running.
RoslynAnalysisRunner has terminated.
Mono: successfully reloaded assembly
- Completed reload, in  0.717 seconds
Platform modules already initialized, skipping
Refreshing native plugins compatible for Editor in 0.34 ms, found 2 plugins.
Preloading 0 native plugins for Editor in 0.00 ms.
Unloading 1094 Unused Serialized files (Serialized files now loaded: 0)
System memory in use before: 57.4 MB.
System memory in use after: 57.5 MB.

Unloading 21 unused Assets to reduce memory usage. Loaded Objects now: 1571.
Total: 1.598200 ms (FindLiveObjects: 0.276900 ms CreateObjectMapping: 0.038300 ms MarkObjects: 1.266000 ms  DeleteObjects: 0.016100 ms)

========================================================================
Received Import Request.
  Time since last request: 2691.266624 seconds.
  path: Assets/Scripts/GridManager.cs
  artifactKey: Guid(3b21104111bddc9448ad793e2ffef7d5) Importer(815301076,1909f56bfc062723c751e8b465ee728b)
Start importing Assets/Scripts/GridManager.cs using Guid(3b21104111bddc9448ad793e2ffef7d5) Importer(815301076,1909f56bfc062723c751e8b465ee728b)  -> (artifact id: 'ab5070e8472bf526714ae2070b5b8d8d') in 0.004559 seconds
  Import took 0.006391 seconds .

========================================================================
Received Prepare
Registering precompiled user dll's ...
Registered in 0.004610 seconds.
Begin MonoManager ReloadAssembly
Native extension for WindowsStandalone target not found
Native extension for WebGL target not found
Refreshing native plugins compatible for Editor in 0.37 ms, found 2 plugins.
Preloading 0 native plugins for Editor in 0.00 ms.
Invoked RoslynAnalysisRunner static constructor.
RoslynAnalysisRunner will not be running.
RoslynAnalysisRunner has terminated.
Mono: successfully reloaded assembly
- Completed reload, in  0.840 seconds
Platform modules already initialized, skipping
Refreshing native plugins compatible for Editor in 0.55 ms, found 2 plugins.
Preloading 0 native plugins for Editor in 0.00 ms.
Unloading 1094 Unused Serialized files (Serialized files now loaded: 0)
System memory in use before: 57.6 MB.
System memory in use after: 57.7 MB.

Unloading 21 unused Assets to reduce memory usage. Loaded Objects now: 1573.
Total: 2.197100 ms (FindLiveObjects: 0.534900 ms CreateObjectMapping: 0.064800 ms MarkObjects: 1.575000 ms  DeleteObjects: 0.021300 ms)

========================================================================
Received Prepare
Registering precompiled user dll's ...
Registered in 0.005192 seconds.
Begin MonoManager ReloadAssembly
Native extension for WindowsStandalone target not found
Native extension for WebGL target not found
Refreshing native plugins compatible for Editor in 0.35 ms, found 2 plugins.
Preloading 0 native plugins for Editor in 0.00 ms.
Invoked RoslynAnalysisRunner static constructor.
RoslynAnalysisRunner will not be running.
RoslynAnalysisRunner has terminated.
Mono: successfully reloaded assembly
- Completed reload, in  0.671 seconds
Platform modules already initialized, skipping
Refreshing native plugins compatible for Editor in 0.37 ms, found 2 plugins.
Preloading 0 native plugins for Editor in 0.00 ms.
Unloading 1094 Unused Serialized files (Serialized files now loaded: 0)
System memory in use before: 57.7 MB.
System memory in use after: 57.8 MB.

Unloading 21 unused Assets to reduce memory usage. Loaded Objects now: 1575.
Total: 1.576700 ms (FindLiveObjects: 0.241600 ms CreateObjectMapping: 0.035900 ms MarkObjects: 1.280600 ms  DeleteObjects: 0.017700 ms)

========================================================================
Received Import Request.
  Time since last request: 83.109665 seconds.
  path: Assets/Scripts/GridManager.cs
  artifactKey: Guid(3b21104111bddc9448ad793e2ffef7d5) Importer(815301076,1909f56bfc062723c751e8b465ee728b)
Start importing Assets/Scripts/GridManager.cs using Guid(3b21104111bddc9448ad793e2ffef7d5) Importer(815301076,1909f56bfc062723c751e8b465ee728b)  -> (artifact id: '0839004ad67b4c7f250eb192d3ccd052') in 0.004575 seconds
  Import took 0.006331 seconds .

========================================================================
Received Import Request.
  Time since last request: 0.001411 seconds.
  path: Assets/Scripts/GridManager.cs
  artifactKey: Guid(3b21104111bddc9448ad793e2ffef7d5) Importer(815301076,1909f56bfc062723c751e8b465ee728b)
Start importing Assets/Scripts/GridManager.cs using Guid(3b21104111bddc9448ad793e2ffef7d5) Importer(815301076,1909f56bfc062723c751e8b465ee728b)  -> (artifact id: '0839004ad67b4c7f250eb192d3ccd052') in 0.002671 seconds
  Import took 0.004503 seconds .

========================================================================
Received Prepare
Registering precompiled user dll's ...
Registered in 0.004349 seconds.
Begin MonoManager ReloadAssembly
Native extension for WindowsStandalone target not found
Native extension for WebGL target not found
Refreshing native plugins compatible for Editor in 0.35 ms, found 2 plugins.
Preloading 0 native plugins for Editor in 0.00 ms.
Invoked RoslynAnalysisRunner static constructor.
RoslynAnalysisRunner will not be running.
RoslynAnalysisRunner has terminated.
Mono: successfully reloaded assembly
- Completed reload, in  0.737 seconds
Platform modules already initialized, skipping
Refreshing native plugins compatible for Editor in 0.49 ms, found 2 plugins.
Preloading 0 native plugins for Editor in 0.00 ms.
Unloading 1094 Unused Serialized files (Serialized files now loaded: 0)
System memory in use before: 58.1 MB.
System memory in use after: 58.2 MB.

Unloading 21 unused Assets to reduce memory usage. Loaded Objects now: 1577.
Total: 1.713100 ms (FindLiveObjects: 0.202900 ms CreateObjectMapping: 0.026400 ms MarkObjects: 1.465100 ms  DeleteObjects: 0.017400 ms)

========================================================================
Received Prepare
Registering precompiled user dll's ...
Registered in 0.004496 seconds.
Begin MonoManager ReloadAssembly
Native extension for WindowsStandalone target not found
Native extension for WebGL target not found
Refreshing native plugins compatible for Editor in 0.34 ms, found 2 plugins.
Preloading 0 native plugins for Editor in 0.00 ms.
Invoked RoslynAnalysisRunner static constructor.
RoslynAnalysisRunner will not be running.
RoslynAnalysisRunner has terminated.
Mono: successfully reloaded assembly
- Completed reload, in  0.788 seconds
Platform modules already initialized, skipping
Refreshing native plugins compatible for Editor in 0.39 ms, found 2 plugins.
Preloading 0 native plugins for Editor in 0.00 ms.
Unloading 1094 Unused Serialized files (Serialized files now loaded: 0)
System memory in use before: 58.3 MB.
System memory in use after: 58.4 MB.

Unloading 21 unused Assets to reduce memory usage. Loaded Objects now: 1579.
Total: 1.607100 ms (FindLiveObjects: 0.209800 ms CreateObjectMapping: 0.025600 ms MarkObjects: 1.354400 ms  DeleteObjects: 0.016300 ms)

========================================================================
Received Prepare
Registering precompiled user dll's ...
Registered in 0.004878 seconds.
Begin MonoManager ReloadAssembly
Native extension for WindowsStandalone target not found
Native extension for WebGL target not found
Refreshing native plugins compatible for Editor in 0.68 ms, found 2 plugins.
Preloading 0 native plugins for Editor in 0.00 ms.
Invoked RoslynAnalysisRunner static constructor.
RoslynAnalysisRunner will not be running.
RoslynAnalysisRunner has terminated.
Mono: successfully reloaded assembly
- Completed reload, in  0.787 seconds
Platform modules already initialized, skipping
Refreshing native plugins compatible for Editor in 0.59 ms, found 2 plugins.
Preloading 0 native plugins for Editor in 0.00 ms.
Unloading 1094 Unused Serialized files (Serialized files now loaded: 0)
System memory in use before: 58.5 MB.
System memory in use after: 58.6 MB.

Unloading 21 unused Assets to reduce memory usage. Loaded Objects now: 1581.
Total: 2.880000 ms (FindLiveObjects: 0.339500 ms CreateObjectMapping: 0.040100 ms MarkObjects: 2.470200 ms  DeleteObjects: 0.028900 ms)

========================================================================
Received Prepare
Registering precompiled user dll's ...
Registered in 0.005810 seconds.
Begin MonoManager ReloadAssembly
Native extension for WindowsStandalone target not found
Native extension for WebGL target not found
Refreshing native plugins compatible for Editor in 0.35 ms, found 2 plugins.
Preloading 0 native plugins for Editor in 0.00 ms.
Invoked RoslynAnalysisRunner static constructor.
RoslynAnalysisRunner will not be running.
RoslynAnalysisRunner has terminated.
Mono: successfully reloaded assembly
- Completed reload, in  0.685 seconds
Platform modules already initialized, skipping
Refreshing native plugins compatible for Editor in 0.34 ms, found 2 plugins.
Preloading 0 native plugins for Editor in 0.00 ms.
Unloading 1094 Unused Serialized files (Serialized files now loaded: 0)
System memory in use before: 58.7 MB.
System memory in use after: 58.8 MB.

Unloading 21 unused Assets to reduce memory usage. Loaded Objects now: 1583.
Total: 2.097400 ms (FindLiveObjects: 0.307000 ms CreateObjectMapping: 0.039400 ms MarkObjects: 1.715000 ms  DeleteObjects: 0.035000 ms)

========================================================================
Received Import Request.
  Time since last request: 299.198297 seconds.
  path: Assets/Scripts/GridManager.cs
  artifactKey: Guid(3b21104111bddc9448ad793e2ffef7d5) Importer(815301076,1909f56bfc062723c751e8b465ee728b)
Start importing Assets/Scripts/GridManager.cs using Guid(3b21104111bddc9448ad793e2ffef7d5) Importer(815301076,1909f56bfc062723c751e8b465ee728b)  -> (artifact id: '8e38e2bd2b3ee31eda1f0d29a60bd2bf') in 0.004838 seconds
  Import took 0.006813 seconds .

========================================================================
Received Import Request.
  Time since last request: 1.202442 seconds.
  path: Assets/Scripts/GridManager.cs
  artifactKey: Guid(3b21104111bddc9448ad793e2ffef7d5) Importer(815301076,1909f56bfc062723c751e8b465ee728b)
Start importing Assets/Scripts/GridManager.cs using Guid(3b21104111bddc9448ad793e2ffef7d5) Importer(815301076,1909f56bfc062723c751e8b465ee728b)  -> (artifact id: '8e38e2bd2b3ee31eda1f0d29a60bd2bf') in 0.002720 seconds
  Import took 0.004527 seconds .

========================================================================
Received Prepare
Registering precompiled user dll's ...
Registered in 0.004483 seconds.
Begin MonoManager ReloadAssembly
Native extension for WindowsStandalone target not found
Native extension for WebGL target not found
Refreshing native plugins compatible for Editor in 0.38 ms, found 2 plugins.
Preloading 0 native plugins for Editor in 0.00 ms.
Invoked RoslynAnalysisRunner static constructor.
RoslynAnalysisRunner will not be running.
RoslynAnalysisRunner has terminated.
Mono: successfully reloaded assembly
- Completed reload, in  0.794 seconds
Platform modules already initialized, skipping
Refreshing native plugins compatible for Editor in 0.39 ms, found 2 plugins.
Preloading 0 native plugins for Editor in 0.00 ms.
Unloading 1094 Unused Serialized files (Serialized files now loaded: 0)
System memory in use before: 58.0 MB.
System memory in use after: 58.1 MB.

Unloading 21 unused Assets to reduce memory usage. Loaded Objects now: 1585.
Total: 1.802200 ms (FindLiveObjects: 0.257100 ms CreateObjectMapping: 0.041200 ms MarkObjects: 1.483900 ms  DeleteObjects: 0.019000 ms)

========================================================================
Received Prepare
Registering precompiled user dll's ...
Registered in 0.005630 seconds.
Begin MonoManager ReloadAssembly
Native extension for WindowsStandalone target not found
Native extension for WebGL target not found
Refreshing native plugins compatible for Editor in 0.37 ms, found 2 plugins.
Preloading 0 native plugins for Editor in 0.00 ms.
Invoked RoslynAnalysisRunner static constructor.
RoslynAnalysisRunner will not be running.
RoslynAnalysisRunner has terminated.
Mono: successfully reloaded assembly
- Completed reload, in  0.687 seconds
Platform modules already initialized, skipping
Refreshing native plugins compatible for Editor in 0.55 ms, found 2 plugins.
Preloading 0 native plugins for Editor in 0.00 ms.
Unloading 1094 Unused Serialized files (Serialized files now loaded: 0)
System memory in use before: 58.2 MB.
System memory in use after: 58.3 MB.

Unloading 21 unused Assets to reduce memory usage. Loaded Objects now: 1587.
Total: 1.516000 ms (FindLiveObjects: 0.180500 ms CreateObjectMapping: 0.024800 ms MarkObjects: 1.288100 ms  DeleteObjects: 0.021600 ms)

========================================================================
Received Import Request.
  Time since last request: 134.485861 seconds.
  path: Assets/Scripts/GridManager.cs
  artifactKey: Guid(3b21104111bddc9448ad793e2ffef7d5) Importer(815301076,1909f56bfc062723c751e8b465ee728b)
Start importing Assets/Scripts/GridManager.cs using Guid(3b21104111bddc9448ad793e2ffef7d5) Importer(815301076,1909f56bfc062723c751e8b465ee728b)  -> (artifact id: '09e02aa8c8ea542d7501c7a7b2d67985') in 0.005310 seconds
  Import took 0.007275 seconds .

========================================================================
Received Import Request.
  Time since last request: 1.195898 seconds.
  path: Assets/Scripts/GridManager.cs
  artifactKey: Guid(3b21104111bddc9448ad793e2ffef7d5) Importer(815301076,1909f56bfc062723c751e8b465ee728b)
Start importing Assets/Scripts/GridManager.cs using Guid(3b21104111bddc9448ad793e2ffef7d5) Importer(815301076,1909f56bfc062723c751e8b465ee728b)  -> (artifact id: '09e02aa8c8ea542d7501c7a7b2d67985') in 0.002791 seconds
  Import took 0.004582 seconds .

========================================================================
Received Prepare
Registering precompiled user dll's ...
Registered in 0.004673 seconds.
Begin MonoManager ReloadAssembly
Native extension for WindowsStandalone target not found
Native extension for WebGL target not found
Refreshing native plugins compatible for Editor in 0.64 ms, found 2 plugins.
Preloading 0 native plugins for Editor in 0.00 ms.
Invoked RoslynAnalysisRunner static constructor.
RoslynAnalysisRunner will not be running.
RoslynAnalysisRunner has terminated.
Mono: successfully reloaded assembly
- Completed reload, in  0.796 seconds
Platform modules already initialized, skipping
Refreshing native plugins compatible for Editor in 0.51 ms, found 2 plugins.
Preloading 0 native plugins for Editor in 0.00 ms.
Unloading 1094 Unused Serialized files (Serialized files now loaded: 0)
System memory in use before: 58.4 MB.
System memory in use after: 58.5 MB.

Unloading 21 unused Assets to reduce memory usage. Loaded Objects now: 1589.
Total: 2.285000 ms (FindLiveObjects: 0.364200 ms CreateObjectMapping: 0.028200 ms MarkObjects: 1.871400 ms  DeleteObjects: 0.019300 ms)

========================================================================
Received Prepare
Registering precompiled user dll's ...
Registered in 0.005660 seconds.
Begin MonoManager ReloadAssembly
Native extension for WindowsStandalone target not found
Native extension for WebGL target not found
Refreshing native plugins compatible for Editor in 0.37 ms, found 2 plugins.
Preloading 0 native plugins for Editor in 0.00 ms.
Invoked RoslynAnalysisRunner static constructor.
RoslynAnalysisRunner will not be running.
RoslynAnalysisRunner has terminated.
Mono: successfully reloaded assembly
- Completed reload, in  0.735 seconds
Platform modules already initialized, skipping
Refreshing native plugins compatible for Editor in 0.34 ms, found 2 plugins.
Preloading 0 native plugins for Editor in 0.00 ms.
Unloading 1094 Unused Serialized files (Serialized files now loaded: 0)
System memory in use before: 58.7 MB.
System memory in use after: 58.8 MB.

Unloading 21 unused Assets to reduce memory usage. Loaded Objects now: 1591.
Total: 1.658100 ms (FindLiveObjects: 0.178800 ms CreateObjectMapping: 0.039600 ms MarkObjects: 1.416000 ms  DeleteObjects: 0.022300 ms)

========================================================================
Received Prepare
Registering precompiled user dll's ...
Registered in 0.005512 seconds.
Begin MonoManager ReloadAssembly
Native extension for WindowsStandalone target not found
Native extension for WebGL target not found
Refreshing native plugins compatible for Editor in 0.37 ms, found 2 plugins.
Preloading 0 native plugins for Editor in 0.00 ms.
Invoked RoslynAnalysisRunner static constructor.
RoslynAnalysisRunner will not be running.
RoslynAnalysisRunner has terminated.
Mono: successfully reloaded assembly
- Completed reload, in  0.709 seconds
Platform modules already initialized, skipping
Refreshing native plugins compatible for Editor in 0.34 ms, found 2 plugins.
Preloading 0 native plugins for Editor in 0.00 ms.
Unloading 1094 Unused Serialized files (Serialized files now loaded: 0)
System memory in use before: 58.7 MB.
System memory in use after: 58.8 MB.

Unloading 21 unused Assets to reduce memory usage. Loaded Objects now: 1593.
Total: 1.718400 ms (FindLiveObjects: 0.312500 ms CreateObjectMapping: 0.027600 ms MarkObjects: 1.357500 ms  DeleteObjects: 0.018700 ms)

========================================================================
Received Import Request.
  Time since last request: 214.356888 seconds.
  path: Assets/Scripts/GridManager.cs
  artifactKey: Guid(3b21104111bddc9448ad793e2ffef7d5) Importer(815301076,1909f56bfc062723c751e8b465ee728b)
Start importing Assets/Scripts/GridManager.cs using Guid(3b21104111bddc9448ad793e2ffef7d5) Importer(815301076,1909f56bfc062723c751e8b465ee728b)  -> (artifact id: 'd977a474167bf72162937dfba5728989') in 0.005517 seconds
  Import took 0.007434 seconds .

========================================================================
Received Import Request.
  Time since last request: 1.498395 seconds.
  path: Assets/Scripts/GridManager.cs
  artifactKey: Guid(3b21104111bddc9448ad793e2ffef7d5) Importer(815301076,1909f56bfc062723c751e8b465ee728b)
Start importing Assets/Scripts/GridManager.cs using Guid(3b21104111bddc9448ad793e2ffef7d5) Importer(815301076,1909f56bfc062723c751e8b465ee728b)  -> (artifact id: 'd977a474167bf72162937dfba5728989') in 0.002930 seconds
  Import took 0.004889 seconds .

========================================================================
Received Prepare
Registering precompiled user dll's ...
Registered in 0.004699 seconds.
Begin MonoManager ReloadAssembly
Native extension for WindowsStandalone target not found
Native extension for WebGL target not found
Refreshing native plugins compatible for Editor in 0.37 ms, found 2 plugins.
Preloading 0 native plugins for Editor in 0.00 ms.
Invoked RoslynAnalysisRunner static constructor.
RoslynAnalysisRunner will not be running.
RoslynAnalysisRunner has terminated.
Mono: successfully reloaded assembly
- Completed reload, in  0.768 seconds
Platform modules already initialized, skipping
Refreshing native plugins compatible for Editor in 0.51 ms, found 2 plugins.
Preloading 0 native plugins for Editor in 0.00 ms.
Unloading 1094 Unused Serialized files (Serialized files now loaded: 0)
System memory in use before: 58.1 MB.
System memory in use after: 58.2 MB.

Unloading 21 unused Assets to reduce memory usage. Loaded Objects now: 1595.
Total: 2.125400 ms (FindLiveObjects: 0.460600 ms CreateObjectMapping: 0.100300 ms MarkObjects: 1.544100 ms  DeleteObjects: 0.019200 ms)

========================================================================
Received Prepare
Registering precompiled user dll's ...
Registered in 0.005342 seconds.
Begin MonoManager ReloadAssembly
Native extension for WindowsStandalone target not found
Native extension for WebGL target not found
Refreshing native plugins compatible for Editor in 0.38 ms, found 2 plugins.
Preloading 0 native plugins for Editor in 0.00 ms.
Invoked RoslynAnalysisRunner static constructor.
RoslynAnalysisRunner will not be running.
RoslynAnalysisRunner has terminated.
Mono: successfully reloaded assembly
- Completed reload, in  0.678 seconds
Platform modules already initialized, skipping
Refreshing native plugins compatible for Editor in 0.36 ms, found 2 plugins.
Preloading 0 native plugins for Editor in 0.00 ms.
Unloading 1094 Unused Serialized files (Serialized files now loaded: 0)
System memory in use before: 58.3 MB.
System memory in use after: 58.4 MB.

Unloading 21 unused Assets to reduce memory usage. Loaded Objects now: 1597.
Total: 1.639600 ms (FindLiveObjects: 0.213500 ms CreateObjectMapping: 0.036800 ms MarkObjects: 1.372300 ms  DeleteObjects: 0.016000 ms)

========================================================================
Received Prepare
Registering precompiled user dll's ...
Registered in 0.005199 seconds.
Begin MonoManager ReloadAssembly
Native extension for WindowsStandalone target not found
Native extension for WebGL target not found
Refreshing native plugins compatible for Editor in 0.39 ms, found 2 plugins.
Preloading 0 native plugins for Editor in 0.00 ms.
Invoked RoslynAnalysisRunner static constructor.
RoslynAnalysisRunner will not be running.
RoslynAnalysisRunner has terminated.
Mono: successfully reloaded assembly
- Completed reload, in  0.695 seconds
Platform modules already initialized, skipping
Refreshing native plugins compatible for Editor in 0.36 ms, found 2 plugins.
Preloading 0 native plugins for Editor in 0.00 ms.
Unloading 1094 Unused Serialized files (Serialized files now loaded: 0)
System memory in use before: 58.6 MB.
System memory in use after: 58.7 MB.

Unloading 21 unused Assets to reduce memory usage. Loaded Objects now: 1599.
Total: 2.945600 ms (FindLiveObjects: 0.639200 ms CreateObjectMapping: 0.047300 ms MarkObjects: 2.234700 ms  DeleteObjects: 0.022600 ms)

========================================================================
Received Prepare
Registering precompiled user dll's ...
Registered in 0.004842 seconds.
Begin MonoManager ReloadAssembly
Native extension for WindowsStandalone target not found
Native extension for WebGL target not found
Refreshing native plugins compatible for Editor in 0.37 ms, found 2 plugins.
Preloading 0 native plugins for Editor in 0.00 ms.
Invoked RoslynAnalysisRunner static constructor.
RoslynAnalysisRunner will not be running.
RoslynAnalysisRunner has terminated.
Mono: successfully reloaded assembly
- Completed reload, in  0.735 seconds
Platform modules already initialized, skipping
Refreshing native plugins compatible for Editor in 0.36 ms, found 2 plugins.
Preloading 0 native plugins for Editor in 0.00 ms.
Unloading 1094 Unused Serialized files (Serialized files now loaded: 0)
System memory in use before: 58.8 MB.
System memory in use after: 58.9 MB.

Unloading 21 unused Assets to reduce memory usage. Loaded Objects now: 1601.
Total: 1.684000 ms (FindLiveObjects: 0.213900 ms CreateObjectMapping: 0.025600 ms MarkObjects: 1.427500 ms  DeleteObjects: 0.015700 ms)

========================================================================
Received Import Request.
  Time since last request: 613.289263 seconds.
  path: Assets/Scripts/BlockParent.cs
  artifactKey: Guid(7b87d698873b19b46ac1174038e1ae64) Importer(815301076,1909f56bfc062723c751e8b465ee728b)
Start importing Assets/Scripts/BlockParent.cs using Guid(7b87d698873b19b46ac1174038e1ae64) Importer(815301076,1909f56bfc062723c751e8b465ee728b)  -> (artifact id: 'adae48ae390f8411c9ad1c5acb1c6caa') in 0.011897 seconds
  Import took 0.014839 seconds .

========================================================================
Received Prepare
Registering precompiled user dll's ...
Registered in 0.005392 seconds.
Begin MonoManager ReloadAssembly
Native extension for WindowsStandalone target not found
Native extension for WebGL target not found
Refreshing native plugins compatible for Editor in 0.53 ms, found 2 plugins.
Preloading 0 native plugins for Editor in 0.00 ms.
Invoked RoslynAnalysisRunner static constructor.
RoslynAnalysisRunner will not be running.
RoslynAnalysisRunner has terminated.
Mono: successfully reloaded assembly
- Completed reload, in  0.692 seconds
Platform modules already initialized, skipping
Refreshing native plugins compatible for Editor in 0.35 ms, found 2 plugins.
Preloading 0 native plugins for Editor in 0.00 ms.
Unloading 1095 Unused Serialized files (Serialized files now loaded: 0)
System memory in use before: 58.0 MB.
System memory in use after: 58.1 MB.

Unloading 21 unused Assets to reduce memory usage. Loaded Objects now: 1604.
Total: 1.645500 ms (FindLiveObjects: 0.201900 ms CreateObjectMapping: 0.026200 ms MarkObjects: 1.388400 ms  DeleteObjects: 0.027800 ms)

========================================================================
Received Import Request.
  Time since last request: 150.586108 seconds.
  path: Assets/Scripts/BlockParent.cs
  artifactKey: Guid(7b87d698873b19b46ac1174038e1ae64) Importer(815301076,1909f56bfc062723c751e8b465ee728b)
Start importing Assets/Scripts/BlockParent.cs using Guid(7b87d698873b19b46ac1174038e1ae64) Importer(815301076,1909f56bfc062723c751e8b465ee728b)  -> (artifact id: 'e7d7abc5370c5db6c15d87962ca35957') in 0.006383 seconds
  Import took 0.008673 seconds .

========================================================================
Received Import Request.
  Time since last request: 176.125657 seconds.
  path: Assets/Scripts/BlockParent.cs
  artifactKey: Guid(7b87d698873b19b46ac1174038e1ae64) Importer(815301076,1909f56bfc062723c751e8b465ee728b)
Start importing Assets/Scripts/BlockParent.cs using Guid(7b87d698873b19b46ac1174038e1ae64) Importer(815301076,1909f56bfc062723c751e8b465ee728b)  -> (artifact id: 'f1ed4a2f70bb292d9aea78120d0b43ca') in 0.003767 seconds
  Import took 0.005794 seconds .

========================================================================
Received Prepare
Registering precompiled user dll's ...
Registered in 0.004687 seconds.
Begin MonoManager ReloadAssembly
Native extension for WindowsStandalone target not found
Native extension for WebGL target not found
Refreshing native plugins compatible for Editor in 0.37 ms, found 2 plugins.
Preloading 0 native plugins for Editor in 0.00 ms.
Invoked RoslynAnalysisRunner static constructor.
RoslynAnalysisRunner will not be running.
RoslynAnalysisRunner has terminated.
Mono: successfully reloaded assembly
- Completed reload, in  0.693 seconds
Platform modules already initialized, skipping
Refreshing native plugins compatible for Editor in 0.34 ms, found 2 plugins.
Preloading 0 native plugins for Editor in 0.00 ms.
Unloading 1095 Unused Serialized files (Serialized files now loaded: 0)
System memory in use before: 58.3 MB.
System memory in use after: 58.4 MB.

Unloading 21 unused Assets to reduce memory usage. Loaded Objects now: 1606.
Total: 2.658200 ms (FindLiveObjects: 0.210900 ms CreateObjectMapping: 0.034400 ms MarkObjects: 2.385000 ms  DeleteObjects: 0.026200 ms)

========================================================================
Received Import Request.
  Time since last request: 15.030554 seconds.
  path: Assets/Prefabs/Blue.prefab
  artifactKey: Guid(b611245d4a97cf3469e108a41c7ce277) Importer(815301076,1909f56bfc062723c751e8b465ee728b)
Start importing Assets/Prefabs/Blue.prefab using Guid(b611245d4a97cf3469e108a41c7ce277) Importer(815301076,1909f56bfc062723c751e8b465ee728b)  -> (artifact id: '356d8a70d2c6dee996e2bcf76bcd19ed') in 0.091831 seconds
  Import took 0.094022 seconds .

========================================================================
Received Import Request.
  Time since last request: 0.000192 seconds.
  path: Assets/Prefabs/Green.prefab
  artifactKey: Guid(0a5a82ddb4fcf164d80dd2cac6ae17aa) Importer(815301076,1909f56bfc062723c751e8b465ee728b)
Start importing Assets/Prefabs/Green.prefab using Guid(0a5a82ddb4fcf164d80dd2cac6ae17aa) Importer(815301076,1909f56bfc062723c751e8b465ee728b)  -> (artifact id: '1c2cbb42db3e25259c0e82c98a91c530') in 0.020393 seconds
  Import took 0.022319 seconds .

========================================================================
Received Import Request.
  Time since last request: 0.000348 seconds.
  path: Assets/Prefabs/Yellow.prefab
  artifactKey: Guid(f79cf89f44a7a5f45b8e5c0969b8deff) Importer(815301076,1909f56bfc062723c751e8b465ee728b)
Start importing Assets/Prefabs/Yellow.prefab using Guid(f79cf89f44a7a5f45b8e5c0969b8deff) Importer(815301076,1909f56bfc062723c751e8b465ee728b)  -> (artifact id: 'f3f8874ca6b2a1be8fbdde73576f7ece') in 0.018134 seconds
  Import took 0.020428 seconds .

========================================================================
Received Import Request.
  Time since last request: 0.000208 seconds.
  path: Assets/Prefabs/Cyan.prefab
  artifactKey: Guid(3343421e6acb5d1489c4bb84f12bb818) Importer(815301076,1909f56bfc062723c751e8b465ee728b)
Start importing Assets/Prefabs/Cyan.prefab using Guid(3343421e6acb5d1489c4bb84f12bb818) Importer(815301076,1909f56bfc062723c751e8b465ee728b)  -> (artifact id: 'f9f3aee7feaa6c67938e4eb5f1b638d2') in 0.016930 seconds
  Import took 0.018921 seconds .

========================================================================
Received Import Request.
  Time since last request: 0.000217 seconds.
  path: Assets/Prefabs/Purple.prefab
  artifactKey: Guid(12863ae6550847447967954967caba28) Importer(815301076,1909f56bfc062723c751e8b465ee728b)
Start importing Assets/Prefabs/Purple.prefab using Guid(12863ae6550847447967954967caba28) Importer(815301076,1909f56bfc062723c751e8b465ee728b)  -> (artifact id: 'e99aee6fbeb49cc046b1e8183c08e059') in 0.016109 seconds
  Import took 0.018507 seconds .

========================================================================
Received Import Request.
  Time since last request: 0.000231 seconds.
  path: Assets/Prefabs/Orange.prefab
  artifactKey: Guid(d43003efb7f7f7a4b8cf4dc434540d33) Importer(815301076,1909f56bfc062723c751e8b465ee728b)
Start importing Assets/Prefabs/Orange.prefab using Guid(d43003efb7f7f7a4b8cf4dc434540d33) Importer(815301076,1909f56bfc062723c751e8b465ee728b)  -> (artifact id: 'ecebbf39d4a25ef279c099f97f98632e') in 0.017072 seconds
  Import took 0.019243 seconds .

========================================================================
Received Import Request.
  Time since last request: 0.000196 seconds.
  path: Assets/Prefabs/Red.prefab
  artifactKey: Guid(07c78e4a146f4114e86ab84011f481de) Importer(815301076,1909f56bfc062723c751e8b465ee728b)
Start importing Assets/Prefabs/Red.prefab using Guid(07c78e4a146f4114e86ab84011f481de) Importer(815301076,1909f56bfc062723c751e8b465ee728b)  -> (artifact id: '2b24faa68c47be3462bde4a6418667c9') in 0.015507 seconds
  Import took 0.017241 seconds .

========================================================================
Received Prepare
Registering precompiled user dll's ...
Registered in 0.005721 seconds.
Begin MonoManager ReloadAssembly
Native extension for WindowsStandalone target not found
Native extension for WebGL target not found
Refreshing native plugins compatible for Editor in 0.35 ms, found 2 plugins.
Preloading 0 native plugins for Editor in 0.00 ms.
Invoked RoslynAnalysisRunner static constructor.
RoslynAnalysisRunner will not be running.
RoslynAnalysisRunner has terminated.
Mono: successfully reloaded assembly
- Completed reload, in  0.683 seconds
Platform modules already initialized, skipping
Refreshing native plugins compatible for Editor in 0.38 ms, found 2 plugins.
Preloading 0 native plugins for Editor in 0.00 ms.
Unloading 1095 Unused Serialized files (Serialized files now loaded: 0)
System memory in use before: 61.6 MB.
System memory in use after: 61.7 MB.

Unloading 21 unused Assets to reduce memory usage. Loaded Objects now: 1616.
Total: 1.680600 ms (FindLiveObjects: 0.171200 ms CreateObjectMapping: 0.024100 ms MarkObjects: 1.460600 ms  DeleteObjects: 0.023600 ms)

========================================================================
Received Import Request.
  Time since last request: 17.371743 seconds.
  path: Assets/Prefabs/Blue.prefab
  artifactKey: Guid(b611245d4a97cf3469e108a41c7ce277) Importer(815301076,1909f56bfc062723c751e8b465ee728b)
Start importing Assets/Prefabs/Blue.prefab using Guid(b611245d4a97cf3469e108a41c7ce277) Importer(815301076,1909f56bfc062723c751e8b465ee728b)  -> (artifact id: 'dca36a0183fe154552efc03865401ccf') in 0.044126 seconds
  Import took 0.046399 seconds .

========================================================================
Received Import Request.
  Time since last request: 2.108633 seconds.
  path: Assets/Prefabs/Cyan.prefab
  artifactKey: Guid(3343421e6acb5d1489c4bb84f12bb818) Importer(815301076,1909f56bfc062723c751e8b465ee728b)
Start importing Assets/Prefabs/Cyan.prefab using Guid(3343421e6acb5d1489c4bb84f12bb818) Importer(815301076,1909f56bfc062723c751e8b465ee728b)  -> (artifact id: 'ba013fe2d8e301c41fa5ef14f6e0eb35') in 0.009938 seconds
  Import took 0.012232 seconds .

========================================================================
Received Import Request.
  Time since last request: 3.399290 seconds.
  path: Assets/Prefabs/Green.prefab
  artifactKey: Guid(0a5a82ddb4fcf164d80dd2cac6ae17aa) Importer(815301076,1909f56bfc062723c751e8b465ee728b)
Start importing Assets/Prefabs/Green.prefab using Guid(0a5a82ddb4fcf164d80dd2cac6ae17aa) Importer(815301076,1909f56bfc062723c751e8b465ee728b)  -> (artifact id: 'c0c96f8e83e68c46f1d5cc6b02483ec5') in 0.013719 seconds
  Import took 0.016669 seconds .

========================================================================
Received Import Request.
  Time since last request: 0.000510 seconds.
  path: Assets/Prefabs/Green.prefab
  artifactKey: Guid(0a5a82ddb4fcf164d80dd2cac6ae17aa) Importer(815301076,1909f56bfc062723c751e8b465ee728b)
Start importing Assets/Prefabs/Green.prefab using Guid(0a5a82ddb4fcf164d80dd2cac6ae17aa) Importer(815301076,1909f56bfc062723c751e8b465ee728b)  -> (artifact id: 'c0c96f8e83e68c46f1d5cc6b02483ec5') in 0.008866 seconds
  Import took 0.010828 seconds .

========================================================================
Received Import Request.
  Time since last request: 1.890880 seconds.
  path: Assets/Prefabs/Orange.prefab
  artifactKey: Guid(d43003efb7f7f7a4b8cf4dc434540d33) Importer(815301076,1909f56bfc062723c751e8b465ee728b)
Start importing Assets/Prefabs/Orange.prefab using Guid(d43003efb7f7f7a4b8cf4dc434540d33) Importer(815301076,1909f56bfc062723c751e8b465ee728b)  -> (artifact id: 'bf5b3470300528fbdaba5d8c51ae0bcd') in 0.008924 seconds
  Import took 0.011036 seconds .

========================================================================
Received Import Request.
  Time since last request: 0.000931 seconds.
  path: Assets/Prefabs/Orange.prefab
  artifactKey: Guid(d43003efb7f7f7a4b8cf4dc434540d33) Importer(815301076,1909f56bfc062723c751e8b465ee728b)
Start importing Assets/Prefabs/Orange.prefab using Guid(d43003efb7f7f7a4b8cf4dc434540d33) Importer(815301076,1909f56bfc062723c751e8b465ee728b)  -> (artifact id: 'bf5b3470300528fbdaba5d8c51ae0bcd') in 0.009644 seconds
  Import took 0.012030 seconds .

========================================================================
Received Import Request.
  Time since last request: 2.617710 seconds.
  path: Assets/Prefabs/Purple.prefab
  artifactKey: Guid(12863ae6550847447967954967caba28) Importer(815301076,1909f56bfc062723c751e8b465ee728b)
Start importing Assets/Prefabs/Purple.prefab using Guid(12863ae6550847447967954967caba28) Importer(815301076,1909f56bfc062723c751e8b465ee728b)  -> (artifact id: '97afb7a5c0685663f50ff88d9bedc99f') in 0.008865 seconds
  Import took 0.010941 seconds .

========================================================================
Received Import Request.
  Time since last request: 0.000892 seconds.
  path: Assets/Prefabs/Purple.prefab
  artifactKey: Guid(12863ae6550847447967954967caba28) Importer(815301076,1909f56bfc062723c751e8b465ee728b)
Start importing Assets/Prefabs/Purple.prefab using Guid(12863ae6550847447967954967caba28) Importer(815301076,1909f56bfc062723c751e8b465ee728b)  -> (artifact id: '97afb7a5c0685663f50ff88d9bedc99f') in 0.008740 seconds
  Import took 0.010496 seconds .

========================================================================
Received Import Request.
  Time since last request: 5.028199 seconds.
  path: Assets/Prefabs/Red.prefab
  artifactKey: Guid(07c78e4a146f4114e86ab84011f481de) Importer(815301076,1909f56bfc062723c751e8b465ee728b)
Start importing Assets/Prefabs/Red.prefab using Guid(07c78e4a146f4114e86ab84011f481de) Importer(815301076,1909f56bfc062723c751e8b465ee728b)  -> (artifact id: '4861c5089ca274ef2a21a229621f836c') in 0.009106 seconds
  Import took 0.011305 seconds .

========================================================================
Received Import Request.
  Time since last request: 0.001233 seconds.
  path: Assets/Prefabs/Red.prefab
  artifactKey: Guid(07c78e4a146f4114e86ab84011f481de) Importer(815301076,1909f56bfc062723c751e8b465ee728b)
Start importing Assets/Prefabs/Red.prefab using Guid(07c78e4a146f4114e86ab84011f481de) Importer(815301076,1909f56bfc062723c751e8b465ee728b)  -> (artifact id: '4861c5089ca274ef2a21a229621f836c') in 0.010366 seconds
  Import took 0.012511 seconds .

========================================================================
Received Import Request.
  Time since last request: 2.771342 seconds.
  path: Assets/Prefabs/Yellow.prefab
  artifactKey: Guid(f79cf89f44a7a5f45b8e5c0969b8deff) Importer(815301076,1909f56bfc062723c751e8b465ee728b)
Start importing Assets/Prefabs/Yellow.prefab using Guid(f79cf89f44a7a5f45b8e5c0969b8deff) Importer(815301076,1909f56bfc062723c751e8b465ee728b)  -> (artifact id: '2e43ba8fdcc717bd561eee01ad9f6617') in 0.009674 seconds
  Import took 0.011772 seconds .

========================================================================
Received Prepare
Registering precompiled user dll's ...
Registered in 0.004550 seconds.
Begin MonoManager ReloadAssembly
Native extension for WindowsStandalone target not found
Native extension for WebGL target not found
Refreshing native plugins compatible for Editor in 0.38 ms, found 2 plugins.
Preloading 0 native plugins for Editor in 0.00 ms.
Invoked RoslynAnalysisRunner static constructor.
RoslynAnalysisRunner will not be running.
RoslynAnalysisRunner has terminated.
Mono: successfully reloaded assembly
- Completed reload, in  0.718 seconds
Platform modules already initialized, skipping
Refreshing native plugins compatible for Editor in 0.38 ms, found 2 plugins.
Preloading 0 native plugins for Editor in 0.00 ms.
Unloading 1095 Unused Serialized files (Serialized files now loaded: 0)
System memory in use before: 61.9 MB.
System memory in use after: 62.0 MB.

Unloading 21 unused Assets to reduce memory usage. Loaded Objects now: 1619.
Total: 1.702400 ms (FindLiveObjects: 0.281200 ms CreateObjectMapping: 0.030700 ms MarkObjects: 1.373500 ms  DeleteObjects: 0.015800 ms)

========================================================================
Received Prepare
Registering precompiled user dll's ...
Registered in 0.004218 seconds.
Begin MonoManager ReloadAssembly
Native extension for WindowsStandalone target not found
Native extension for WebGL target not found
Refreshing native plugins compatible for Editor in 0.37 ms, found 2 plugins.
Preloading 0 native plugins for Editor in 0.00 ms.
Invoked RoslynAnalysisRunner static constructor.
RoslynAnalysisRunner will not be running.
RoslynAnalysisRunner has terminated.
Mono: successfully reloaded assembly
- Completed reload, in  0.746 seconds
Platform modules already initialized, skipping
Refreshing native plugins compatible for Editor in 0.36 ms, found 2 plugins.
Preloading 0 native plugins for Editor in 0.00 ms.
Unloading 1095 Unused Serialized files (Serialized files now loaded: 0)
System memory in use before: 62.0 MB.
System memory in use after: 62.1 MB.

Unloading 21 unused Assets to reduce memory usage. Loaded Objects now: 1621.
Total: 1.573200 ms (FindLiveObjects: 0.196400 ms CreateObjectMapping: 0.027600 ms MarkObjects: 1.331900 ms  DeleteObjects: 0.016300 ms)

========================================================================
Received Prepare
Registering precompiled user dll's ...
Registered in 0.004908 seconds.
Begin MonoManager ReloadAssembly
Native extension for WindowsStandalone target not found
Native extension for WebGL target not found
Refreshing native plugins compatible for Editor in 0.40 ms, found 2 plugins.
Preloading 0 native plugins for Editor in 0.00 ms.
Invoked RoslynAnalysisRunner static constructor.
RoslynAnalysisRunner will not be running.
RoslynAnalysisRunner has terminated.
Mono: successfully reloaded assembly
- Completed reload, in  0.639 seconds
Platform modules already initialized, skipping
Refreshing native plugins compatible for Editor in 0.40 ms, found 2 plugins.
Preloading 0 native plugins for Editor in 0.00 ms.
Unloading 1095 Unused Serialized files (Serialized files now loaded: 0)
System memory in use before: 61.3 MB.
System memory in use after: 61.4 MB.

Unloading 21 unused Assets to reduce memory usage. Loaded Objects now: 1623.
Total: 1.812400 ms (FindLiveObjects: 0.242900 ms CreateObjectMapping: 0.034100 ms MarkObjects: 1.517700 ms  DeleteObjects: 0.016300 ms)

========================================================================
Received Prepare
Registering precompiled user dll's ...
Registered in 0.004317 seconds.
Begin MonoManager ReloadAssembly
Native extension for WindowsStandalone target not found
Native extension for WebGL target not found
Refreshing native plugins compatible for Editor in 0.41 ms, found 2 plugins.
Preloading 0 native plugins for Editor in 0.00 ms.
Invoked RoslynAnalysisRunner static constructor.
RoslynAnalysisRunner will not be running.
RoslynAnalysisRunner has terminated.
Mono: successfully reloaded assembly
- Completed reload, in  0.705 seconds
Platform modules already initialized, skipping
Refreshing native plugins compatible for Editor in 0.33 ms, found 2 plugins.
Preloading 0 native plugins for Editor in 0.00 ms.
Unloading 1095 Unused Serialized files (Serialized files now loaded: 0)
System memory in use before: 61.6 MB.
System memory in use after: 61.7 MB.

Unloading 21 unused Assets to reduce memory usage. Loaded Objects now: 1625.
Total: 2.185600 ms (FindLiveObjects: 0.269100 ms CreateObjectMapping: 0.036600 ms MarkObjects: 1.856700 ms  DeleteObjects: 0.021900 ms)

========================================================================
Received Prepare
Registering precompiled user dll's ...
Registered in 0.004304 seconds.
Begin MonoManager ReloadAssembly
Native extension for WindowsStandalone target not found
Native extension for WebGL target not found
Refreshing native plugins compatible for Editor in 0.43 ms, found 2 plugins.
Preloading 0 native plugins for Editor in 0.00 ms.
Invoked RoslynAnalysisRunner static constructor.
RoslynAnalysisRunner will not be running.
RoslynAnalysisRunner has terminated.
Mono: successfully reloaded assembly
- Completed reload, in  0.674 seconds
Platform modules already initialized, skipping
Refreshing native plugins compatible for Editor in 0.35 ms, found 2 plugins.
Preloading 0 native plugins for Editor in 0.00 ms.
Unloading 1095 Unused Serialized files (Serialized files now loaded: 0)
System memory in use before: 61.8 MB.
System memory in use after: 61.9 MB.

Unloading 21 unused Assets to reduce memory usage. Loaded Objects now: 1627.
Total: 1.604500 ms (FindLiveObjects: 0.226200 ms CreateObjectMapping: 0.026400 ms MarkObjects: 1.335600 ms  DeleteObjects: 0.015600 ms)

========================================================================
Received Prepare
Registering precompiled user dll's ...
Registered in 0.004330 seconds.
Begin MonoManager ReloadAssembly
Native extension for WindowsStandalone target not found
Native extension for WebGL target not found
Refreshing native plugins compatible for Editor in 0.40 ms, found 2 plugins.
Preloading 0 native plugins for Editor in 0.00 ms.
Invoked RoslynAnalysisRunner static constructor.
RoslynAnalysisRunner will not be running.
RoslynAnalysisRunner has terminated.
Mono: successfully reloaded assembly
- Completed reload, in  0.676 seconds
Platform modules already initialized, skipping
Refreshing native plugins compatible for Editor in 0.34 ms, found 2 plugins.
Preloading 0 native plugins for Editor in 0.00 ms.
Unloading 1095 Unused Serialized files (Serialized files now loaded: 0)
System memory in use before: 62.0 MB.
System memory in use after: 62.1 MB.

Unloading 21 unused Assets to reduce memory usage. Loaded Objects now: 1629.
Total: 1.930300 ms (FindLiveObjects: 0.219300 ms CreateObjectMapping: 0.027300 ms MarkObjects: 1.660600 ms  DeleteObjects: 0.022100 ms)

========================================================================
Received Prepare
Registering precompiled user dll's ...
Registered in 0.004456 seconds.
Begin MonoManager ReloadAssembly
Native extension for WindowsStandalone target not found
Native extension for WebGL target not found
Refreshing native plugins compatible for Editor in 0.37 ms, found 2 plugins.
Preloading 0 native plugins for Editor in 0.00 ms.
Invoked RoslynAnalysisRunner static constructor.
RoslynAnalysisRunner will not be running.
RoslynAnalysisRunner has terminated.
Mono: successfully reloaded assembly
- Completed reload, in  0.670 seconds
Platform modules already initialized, skipping
Refreshing native plugins compatible for Editor in 0.35 ms, found 2 plugins.
Preloading 0 native plugins for Editor in 0.00 ms.
Unloading 1095 Unused Serialized files (Serialized files now loaded: 0)
System memory in use before: 61.3 MB.
System memory in use after: 61.4 MB.

Unloading 21 unused Assets to reduce memory usage. Loaded Objects now: 1631.
Total: 1.673500 ms (FindLiveObjects: 0.257800 ms CreateObjectMapping: 0.040000 ms MarkObjects: 1.357000 ms  DeleteObjects: 0.017600 ms)

========================================================================
Received Prepare
Registering precompiled user dll's ...
Registered in 0.004250 seconds.
Begin MonoManager ReloadAssembly
Native extension for WindowsStandalone target not found
Native extension for WebGL target not found
Refreshing native plugins compatible for Editor in 0.34 ms, found 2 plugins.
Preloading 0 native plugins for Editor in 0.00 ms.
Invoked RoslynAnalysisRunner static constructor.
RoslynAnalysisRunner will not be running.
RoslynAnalysisRunner has terminated.
Mono: successfully reloaded assembly
- Completed reload, in  0.650 seconds
Platform modules already initialized, skipping
Refreshing native plugins compatible for Editor in 0.30 ms, found 2 plugins.
Preloading 0 native plugins for Editor in 0.00 ms.
Unloading 1095 Unused Serialized files (Serialized files now loaded: 0)
System memory in use before: 61.5 MB.
System memory in use after: 61.6 MB.

Unloading 21 unused Assets to reduce memory usage. Loaded Objects now: 1633.
Total: 1.519800 ms (FindLiveObjects: 0.169200 ms CreateObjectMapping: 0.025700 ms MarkObjects: 1.309500 ms  DeleteObjects: 0.014500 ms)

========================================================================
Received Prepare
Registering precompiled user dll's ...
Registered in 0.004084 seconds.
Begin MonoManager ReloadAssembly
Native extension for WindowsStandalone target not found
Native extension for WebGL target not found
Refreshing native plugins compatible for Editor in 0.34 ms, found 2 plugins.
Preloading 0 native plugins for Editor in 0.00 ms.
Invoked RoslynAnalysisRunner static constructor.
RoslynAnalysisRunner will not be running.
RoslynAnalysisRunner has terminated.
Mono: successfully reloaded assembly
- Completed reload, in  0.640 seconds
Platform modules already initialized, skipping
Refreshing native plugins compatible for Editor in 0.33 ms, found 2 plugins.
Preloading 0 native plugins for Editor in 0.00 ms.
Unloading 1095 Unused Serialized files (Serialized files now loaded: 0)
System memory in use before: 61.7 MB.
System memory in use after: 61.8 MB.

Unloading 21 unused Assets to reduce memory usage. Loaded Objects now: 1635.
Total: 1.482000 ms (FindLiveObjects: 0.186600 ms CreateObjectMapping: 0.028500 ms MarkObjects: 1.251500 ms  DeleteObjects: 0.014500 ms)

========================================================================
Received Prepare
Registering precompiled user dll's ...
Registered in 0.004118 seconds.
Begin MonoManager ReloadAssembly
Native extension for WindowsStandalone target not found
Native extension for WebGL target not found
Refreshing native plugins compatible for Editor in 0.49 ms, found 2 plugins.
Preloading 0 native plugins for Editor in 0.00 ms.
Invoked RoslynAnalysisRunner static constructor.
RoslynAnalysisRunner will not be running.
RoslynAnalysisRunner has terminated.
Mono: successfully reloaded assembly
- Completed reload, in  0.652 seconds
Platform modules already initialized, skipping
Refreshing native plugins compatible for Editor in 0.27 ms, found 2 plugins.
Preloading 0 native plugins for Editor in 0.00 ms.
Unloading 1095 Unused Serialized files (Serialized files now loaded: 0)
System memory in use before: 62.0 MB.
System memory in use after: 62.1 MB.

Unloading 21 unused Assets to reduce memory usage. Loaded Objects now: 1637.
Total: 1.476200 ms (FindLiveObjects: 0.228600 ms CreateObjectMapping: 0.024900 ms MarkObjects: 1.206100 ms  DeleteObjects: 0.015600 ms)

========================================================================
Received Import Request.
  Time since last request: 3315.016706 seconds.
  path: Assets/Scripts/BlockParent.cs
  artifactKey: Guid(7b87d698873b19b46ac1174038e1ae64) Importer(815301076,1909f56bfc062723c751e8b465ee728b)
Start importing Assets/Scripts/BlockParent.cs using Guid(7b87d698873b19b46ac1174038e1ae64) Importer(815301076,1909f56bfc062723c751e8b465ee728b)  -> (artifact id: '94a20c4d881282f1a0e4e28bf2e3f8fc') in 0.004700 seconds
  Import took 0.006484 seconds .

AssetImportWorkerClient::OnTransportError - code=2 error=End of file
